This file contains any messages produced by compilers while
running configure, to aid debugging if configure makes a mistake.

It was created by configure, which was
generated by GNU Autoconf 2.67.  Invocation command line was

  $ ./configure 

## --------- ##
## Platform. ##
## --------- ##

hostname = Vit-iMac-2.local
uname -m = x86_64
uname -r = 14.3.0
uname -s = Darwin
uname -v = Darwin Kernel Version 14.3.0: Mon Mar 23 11:59:05 PDT 2015; root:xnu-2782.20.48~5/RELEASE_X86_64

/usr/bin/uname -p = i386
/bin/uname -X     = unknown

/bin/arch              = unknown
/usr/bin/arch -k       = unknown
/usr/convex/getsysinfo = unknown
/usr/bin/hostinfo      = Mach kernel version:
	 Darwin Kernel Version 14.3.0: Mon Mar 23 11:59:05 PDT 2015; root:xnu-2782.20.48~5/RELEASE_X86_64
Kernel configured for up to 4 processors.
4 processors are physically available.
4 processors are logically available.
Processor type: i486 (Intel 80486)
Processors active: 0 1 2 3
Primary memory available: 8.00 gigabytes
Default processor set: 267 tasks, 1445 threads, 4 processors
Load average: 1.27, Mach factor: 2.72
/bin/machine           = unknown
/usr/bin/oslevel       = unknown
/bin/universe          = unknown

PATH: /Users/vit/Desktop/aa/Sencha/Cmd/3.1.1.274
PATH: /usr/local/bin
PATH: /usr/bin
PATH: /bin
PATH: /usr/sbin
PATH: /sbin
PATH: /opt/X11/bin
PATH: /usr/local/go/bin


## ----------- ##
## Core tests. ##
## ----------- ##

configure:2549: checking for a BSD-compatible install
configure:2617: result: /usr/bin/install -c
configure:2628: checking whether build environment is sane
configure:2678: result: yes
configure:2819: checking for a thread-safe mkdir -p
configure:2858: result: ./install-sh -c -d
configure:2871: checking for gawk
configure:2901: result: no
configure:2871: checking for mawk
configure:2901: result: no
configure:2871: checking for nawk
configure:2901: result: no
configure:2871: checking for awk
configure:2887: found /usr/bin/awk
configure:2898: result: awk
configure:2909: checking whether make sets $(MAKE)
configure:2931: result: yes
configure:3014: checking whether to enable maintainer-specific portions of Makefiles
configure:3023: result: no
configure:3085: checking for gcc
configure:3101: found /usr/bin/gcc
configure:3112: result: gcc
configure:3341: checking for C compiler version
configure:3350: gcc --version >&5
Apple LLVM version 6.1.0 (clang-602.0.49) (based on LLVM 3.6.0svn)
Target: x86_64-apple-darwin14.3.0
Thread model: posix
Configured with: --prefix=/Applications/Xcode.app/Contents/Developer/usr --with-gxx-include-dir=/usr/include/c++/4.2.1
configure:3361: $? = 0
configure:3350: gcc -v >&5
Configured with: --prefix=/Applications/Xcode.app/Contents/Developer/usr --with-gxx-include-dir=/usr/include/c++/4.2.1
Apple LLVM version 6.1.0 (clang-602.0.49) (based on LLVM 3.6.0svn)
Target: x86_64-apple-darwin14.3.0
Thread model: posix
configure:3361: $? = 0
configure:3350: gcc -V >&5
clang: error: argument to '-V' is missing (expected 1 value)
clang: error: no input files
configure:3361: $? = 1
configure:3350: gcc -qversion >&5
clang: error: unknown argument: '-qversion'
clang: error: no input files
configure:3361: $? = 1
configure:3381: checking whether the C compiler works
configure:3403: gcc -Wno-error -m32   conftest.c  >&5
configure:3407: $? = 0
configure:3455: result: yes
configure:3458: checking for C compiler default output file name
configure:3460: result: a.out
configure:3466: checking for suffix of executables
configure:3473: gcc -o conftest -Wno-error -m32   conftest.c  >&5
configure:3477: $? = 0
configure:3499: result: 
configure:3521: checking whether we are cross compiling
configure:3529: gcc -o conftest -Wno-error -m32   conftest.c  >&5
configure:3533: $? = 0
configure:3540: ./conftest
configure:3544: $? = 0
configure:3559: result: no
configure:3564: checking for suffix of object files
configure:3586: gcc -c -Wno-error -m32  conftest.c >&5
configure:3590: $? = 0
configure:3611: result: o
configure:3615: checking whether we are using the GNU C compiler
configure:3634: gcc -c -Wno-error -m32  conftest.c >&5
configure:3634: $? = 0
configure:3643: result: yes
configure:3652: checking whether gcc accepts -g
configure:3672: gcc -c -g  conftest.c >&5
configure:3672: $? = 0
configure:3713: result: yes
configure:3730: checking for gcc option to accept ISO C89
configure:3794: gcc  -c -Wno-error -m32  conftest.c >&5
configure:3794: $? = 0
configure:3807: result: none needed
configure:3838: checking for style of include used by make
configure:3866: result: GNU
configure:3891: checking dependency style of gcc
configure:4001: result: gcc3
configure:4017: checking for library containing strerror
configure:4048: gcc -o conftest -Wno-error -m32   conftest.c  >&5
conftest.c:18:6: warning: incompatible redeclaration of library function 'strerror' [-Wincompatible-library-redeclaration]
char strerror ();
     ^
conftest.c:18:6: note: 'strerror' is a builtin with type 'char *(int)'
1 warning generated.
configure:4048: $? = 0
configure:4065: result: none required
configure:4078: checking how to run the C preprocessor
configure:4109: gcc -E  conftest.c
configure:4109: $? = 0
configure:4123: gcc -E  conftest.c
conftest.c:11:10: fatal error: 'ac_nonexistent.h' file not found
#include <ac_nonexistent.h>
         ^
1 error generated.
configure:4123: $? = 1
configure: failed program was:
| /* confdefs.h */
| #define PACKAGE_NAME ""
| #define PACKAGE_TARNAME ""
| #define PACKAGE_VERSION ""
| #define PACKAGE_STRING ""
| #define PACKAGE_BUGREPORT ""
| #define PACKAGE_URL ""
| #define PACKAGE "nopoll"
| #define VERSION "0.2.6.b130"
| /* end confdefs.h.  */
| #include <ac_nonexistent.h>
configure:4148: result: gcc -E
configure:4168: gcc -E  conftest.c
configure:4168: $? = 0
configure:4182: gcc -E  conftest.c
conftest.c:11:10: fatal error: 'ac_nonexistent.h' file not found
#include <ac_nonexistent.h>
         ^
1 error generated.
configure:4182: $? = 1
configure: failed program was:
| /* confdefs.h */
| #define PACKAGE_NAME ""
| #define PACKAGE_TARNAME ""
| #define PACKAGE_VERSION ""
| #define PACKAGE_STRING ""
| #define PACKAGE_BUGREPORT ""
| #define PACKAGE_URL ""
| #define PACKAGE "nopoll"
| #define VERSION "0.2.6.b130"
| /* end confdefs.h.  */
| #include <ac_nonexistent.h>
configure:4211: checking for grep that handles long lines and -e
configure:4269: result: /usr/bin/grep
configure:4274: checking for egrep
configure:4336: result: /usr/bin/grep -E
configure:4341: checking for ANSI C header files
configure:4361: gcc -c -Wno-error -m32  conftest.c >&5
configure:4361: $? = 0
configure:4434: gcc -o conftest -Wno-error -m32   conftest.c  >&5
configure:4434: $? = 0
configure:4434: ./conftest
configure:4434: $? = 0
configure:4445: result: yes
configure:4482: checking build system type
configure:4496: result: x86_64-apple-darwin14.3.0
configure:4516: checking host system type
configure:4529: result: x86_64-apple-darwin14.3.0
configure:4549: checking for a sed that does not truncate output
configure:4613: result: /usr/bin/sed
configure:4631: checking for fgrep
configure:4693: result: /usr/bin/grep -F
configure:4728: checking for ld used by gcc
configure:4795: result: /Applications/Xcode.app/Contents/Developer/Toolchains/XcodeDefault.xctoolchain/usr/bin/ld
configure:4802: checking if the linker (/Applications/Xcode.app/Contents/Developer/Toolchains/XcodeDefault.xctoolchain/usr/bin/ld) is GNU ld
configure:4817: result: no
configure:4829: checking for BSD- or MS-compatible name lister (nm)
configure:4878: result: /usr/bin/nm
configure:4996: checking the name lister (/usr/bin/nm) interface
configure:5003: gcc -c -Wno-error -m32  conftest.c >&5
configure:5006: /usr/bin/nm "conftest.o"
configure:5009: output
00000000 S _some_variable
configure:5016: result: BSD nm
configure:5019: checking whether ln -s works
configure:5023: result: yes
configure:5031: checking the maximum length of command line arguments
configure:5151: result: 196608
configure:5168: checking whether the shell understands some XSI constructs
configure:5178: result: yes
configure:5182: checking whether the shell understands "+="
configure:5188: result: yes
configure:5223: checking for /Applications/Xcode.app/Contents/Developer/Toolchains/XcodeDefault.xctoolchain/usr/bin/ld option to reload object files
configure:5230: result: -r
configure:5299: checking for objdump
configure:5329: result: no
configure:5358: checking how to recognize dependent libraries
configure:5554: result: pass_all
configure:5614: checking for ar
configure:5630: found /usr/bin/ar
configure:5641: result: ar
configure:5719: checking for strip
configure:5735: found /usr/bin/strip
configure:5746: result: strip
configure:5818: checking for ranlib
configure:5834: found /usr/bin/ranlib
configure:5845: result: ranlib
configure:5935: checking command to parse /usr/bin/nm output from gcc object
configure:6053: gcc -c -Wno-error -m32  conftest.c >&5
configure:6056: $? = 0
configure:6060: /usr/bin/nm conftest.o \| sed -n -e 's/^.*[	 ]\([BCDEGRST][BCDEGRST]*\)[	 ][	 ]*\([_A-Za-z][_A-Za-z0-9]*\)$/\1 \2 \2/p' \> conftest.nm
configure:6063: $? = 0
cannot find nm_test_var in conftest.nm
configure:6053: gcc -c -Wno-error -m32  conftest.c >&5
configure:6056: $? = 0
configure:6060: /usr/bin/nm conftest.o \| sed -n -e 's/^.*[	 ]\([BCDEGRST][BCDEGRST]*\)[	 ][	 ]*_\([_A-Za-z][_A-Za-z0-9]*\)$/\1 _\2 \2/p' \> conftest.nm
configure:6063: $? = 0
configure:6117: gcc -o conftest -Wno-error -m32   conftest.c conftstm.o >&5
configure:6120: $? = 0
configure:6158: result: ok
configure:6422: checking for dsymutil
configure:6438: found /usr/bin/dsymutil
configure:6449: result: dsymutil
configure:6514: checking for nmedit
configure:6530: found /usr/bin/nmedit
configure:6541: result: nmedit
configure:6606: checking for lipo
configure:6622: found /usr/bin/lipo
configure:6633: result: lipo
configure:6698: checking for otool
configure:6714: found /usr/bin/otool
configure:6725: result: otool
configure:6790: checking for otool64
configure:6820: result: no
configure:6865: checking for -single_module linker flag
gcc -Wno-error -m32  -o libconftest.dylib -dynamiclib -Wl,-single_module conftest.c
configure:6892: result: yes
configure:6894: checking for -exported_symbols_list linker flag
configure:6914: gcc -o conftest -Wno-error -m32   -Wl,-exported_symbols_list,conftest.sym conftest.c  >&5
configure:6914: $? = 0
configure:6924: result: yes
configure:6966: checking for sys/types.h
configure:6966: gcc -c -Wno-error -m32  conftest.c >&5
configure:6966: $? = 0
configure:6966: result: yes
configure:6966: checking for sys/stat.h
configure:6966: gcc -c -Wno-error -m32  conftest.c >&5
configure:6966: $? = 0
configure:6966: result: yes
configure:6966: checking for stdlib.h
configure:6966: gcc -c -Wno-error -m32  conftest.c >&5
configure:6966: $? = 0
configure:6966: result: yes
configure:6966: checking for string.h
configure:6966: gcc -c -Wno-error -m32  conftest.c >&5
configure:6966: $? = 0
configure:6966: result: yes
configure:6966: checking for memory.h
configure:6966: gcc -c -Wno-error -m32  conftest.c >&5
configure:6966: $? = 0
configure:6966: result: yes
configure:6966: checking for strings.h
configure:6966: gcc -c -Wno-error -m32  conftest.c >&5
configure:6966: $? = 0
configure:6966: result: yes
configure:6966: checking for inttypes.h
configure:6966: gcc -c -Wno-error -m32  conftest.c >&5
configure:6966: $? = 0
configure:6966: result: yes
configure:6966: checking for stdint.h
configure:6966: gcc -c -Wno-error -m32  conftest.c >&5
configure:6966: $? = 0
configure:6966: result: yes
configure:6966: checking for unistd.h
configure:6966: gcc -c -Wno-error -m32  conftest.c >&5
configure:6966: $? = 0
configure:6966: result: yes
configure:6980: checking for dlfcn.h
configure:6980: gcc -c -Wno-error -m32  conftest.c >&5
configure:6980: $? = 0
configure:6980: result: yes
configure:7164: checking for objdir
configure:7179: result: .libs
configure:7471: checking if gcc supports -fno-rtti -fno-exceptions
configure:7489: gcc -c -Wno-error -m32  -fno-rtti -fno-exceptions conftest.c >&5
configure:7493: $? = 0
configure:7506: result: yes
configure:7526: checking for gcc option to produce PIC
configure:7798: result: -fno-common -DPIC
configure:7810: checking if gcc PIC flag -fno-common -DPIC works
configure:7828: gcc -c -Wno-error -m32  -fno-common -DPIC -DPIC conftest.c >&5
configure:7832: $? = 0
configure:7845: result: yes
configure:7869: checking if gcc static flag -static works
configure:7897: result: no
configure:7912: checking if gcc supports -c -o file.o
configure:7933: gcc -c -Wno-error -m32  -o out/conftest2.o conftest.c >&5
configure:7937: $? = 0
configure:7959: result: yes
configure:7967: checking if gcc supports -c -o file.o
configure:8014: result: yes
configure:8047: checking whether the gcc linker (/Applications/Xcode.app/Contents/Developer/Toolchains/XcodeDefault.xctoolchain/usr/bin/ld) supports shared libraries
configure:9038: result: yes
configure:9277: checking dynamic linker characteristics
configure:9940: result: darwin14.3.0 dyld
configure:10042: checking how to hardcode library paths into programs
configure:10067: result: immediate
configure:10587: checking whether stripping libraries is possible
configure:10601: result: yes
configure:10627: checking if libtool supports shared libraries
configure:10629: result: yes
configure:10632: checking whether to build shared libraries
configure:10653: result: yes
configure:10656: checking whether to build static libraries
configure:10660: result: yes
configure:10710: checking size of long
configure:10715: gcc -o conftest -Wno-error -m32   conftest.c  >&5
configure:10715: $? = 0
configure:10715: ./conftest
configure:10715: $? = 0
configure:10729: result: 4
configure:10743: checking size of int
configure:10748: gcc -o conftest -Wno-error -m32   conftest.c  >&5
configure:10748: $? = 0
configure:10748: ./conftest
configure:10748: $? = 0
configure:10762: result: 4
configure:10776: checking size of void *
configure:10781: gcc -o conftest -Wno-error -m32   conftest.c  >&5
configure:10781: $? = 0
configure:10781: ./conftest
configure:10781: $? = 0
configure:10795: result: 4
configure:10809: checking sys/poll.h usability
configure:10809: gcc -c -Wno-error -m32  conftest.c >&5
configure:10809: $? = 0
configure:10809: result: yes
configure:10809: checking sys/poll.h presence
configure:10809: gcc -E  conftest.c
configure:10809: $? = 0
configure:10809: result: yes
configure:10809: checking for sys/poll.h
configure:10809: result: yes
configure:10826: checking for epoll(2) support
configure:10845: gcc -o conftest -Wno-error -m32   conftest.c  >&5
conftest.c:27:10: fatal error: 'sys/epoll.h' file not found
#include <sys/epoll.h>
         ^
1 error generated.
configure:10845: $? = 1
configure: program exited with status 1
configure: failed program was:
| /* confdefs.h */
| #define PACKAGE_NAME ""
| #define PACKAGE_TARNAME ""
| #define PACKAGE_VERSION ""
| #define PACKAGE_STRING ""
| #define PACKAGE_BUGREPORT ""
| #define PACKAGE_URL ""
| #define PACKAGE "nopoll"
| #define VERSION "0.2.6.b130"
| #define STDC_HEADERS 1
| #define HAVE_SYS_TYPES_H 1
| #define HAVE_SYS_STAT_H 1
| #define HAVE_STDLIB_H 1
| #define HAVE_STRING_H 1
| #define HAVE_MEMORY_H 1
| #define HAVE_STRINGS_H 1
| #define HAVE_INTTYPES_H 1
| #define HAVE_STDINT_H 1
| #define HAVE_UNISTD_H 1
| #define HAVE_DLFCN_H 1
| #define LT_OBJDIR ".libs/"
| #define SIZEOF_LONG 4
| #define SIZEOF_INT 4
| #define SIZEOF_VOID_P 4
| /* end confdefs.h.  */
| 
| #include <sys/epoll.h>
| #include <unistd.h>
| 
| int main()
| {
|     return epoll_create(5) == -1;
| }
configure:10855: result: no
configure:10906: checking openssl/ssl.h usability
configure:10906: gcc -c -Wno-error -m32  conftest.c >&5
configure:10906: $? = 0
configure:10906: result: yes
configure:10906: checking openssl/ssl.h presence
configure:10906: gcc -E  conftest.c
configure:10906: $? = 0
configure:10906: result: yes
configure:10906: checking for openssl/ssl.h
configure:10906: result: yes
configure:10940: gcc -o conftest -Wno-error -m32   conftest.c  >&5
configure:10940: $? = 0
configure:10967: checking for doxygen
configure:10995: result: no
configure:11163: creating ./config.status

## ---------------------- ##
## Running config.status. ##
## ---------------------- ##

This file was extended by config.status, which was
generated by GNU Autoconf 2.67.  Invocation command line was

  CONFIG_FILES    = 
  CONFIG_HEADERS  = 
  CONFIG_LINKS    = 
  CONFIG_COMMANDS = 
  $ ./config.status 

on Vit-iMac-2.local

config.status:1144: creating Makefile
config.status:1144: creating src/Makefile
config.status:1144: creating doc/Makefile
config.status:1144: creating doc/nopoll.doxygen
config.status:1144: creating test/Makefile
config.status:1144: creating nopoll.pc
config.status:1144: creating config.h
config.status:1372: executing depfiles commands
config.status:1372: executing libtool commands
config.status:1372: executing nopoll_config.h commands

## ---------------- ##
## Cache variables. ##
## ---------------- ##

ac_cv_build=x86_64-apple-darwin14.3.0
ac_cv_c_compiler_gnu=yes
ac_cv_env_CC_set=
ac_cv_env_CC_value=
ac_cv_env_CFLAGS_set=set
ac_cv_env_CFLAGS_value='-Wno-error -m32'
ac_cv_env_CPPFLAGS_set=
ac_cv_env_CPPFLAGS_value=
ac_cv_env_CPP_set=
ac_cv_env_CPP_value=
ac_cv_env_LDFLAGS_set=
ac_cv_env_LDFLAGS_value=
ac_cv_env_LIBS_set=
ac_cv_env_LIBS_value=
ac_cv_env_build_alias_set=
ac_cv_env_build_alias_value=
ac_cv_env_host_alias_set=
ac_cv_env_host_alias_value=
ac_cv_env_target_alias_set=
ac_cv_env_target_alias_value=
ac_cv_header_dlfcn_h=yes
ac_cv_header_inttypes_h=yes
ac_cv_header_memory_h=yes
ac_cv_header_openssl_ssl_h=yes
ac_cv_header_stdc=yes
ac_cv_header_stdint_h=yes
ac_cv_header_stdlib_h=yes
ac_cv_header_string_h=yes
ac_cv_header_strings_h=yes
ac_cv_header_sys_poll_h=yes
ac_cv_header_sys_stat_h=yes
ac_cv_header_sys_types_h=yes
ac_cv_header_unistd_h=yes
ac_cv_host=x86_64-apple-darwin14.3.0
ac_cv_objext=o
ac_cv_path_EGREP='/usr/bin/grep -E'
ac_cv_path_FGREP='/usr/bin/grep -F'
ac_cv_path_GREP=/usr/bin/grep
ac_cv_path_SED=/usr/bin/sed
ac_cv_path_install='/usr/bin/install -c'
ac_cv_prog_AWK=awk
ac_cv_prog_CPP='gcc -E'
ac_cv_prog_DOXYGEN=no
ac_cv_prog_ac_ct_AR=ar
ac_cv_prog_ac_ct_CC=gcc
ac_cv_prog_ac_ct_DSYMUTIL=dsymutil
ac_cv_prog_ac_ct_LIPO=lipo
ac_cv_prog_ac_ct_NMEDIT=nmedit
ac_cv_prog_ac_ct_OTOOL=otool
ac_cv_prog_ac_ct_RANLIB=ranlib
ac_cv_prog_ac_ct_STRIP=strip
ac_cv_prog_cc_c89=
ac_cv_prog_cc_g=yes
ac_cv_prog_make_make_set=yes
ac_cv_search_strerror='none required'
ac_cv_sizeof_int=4
ac_cv_sizeof_long=4
ac_cv_sizeof_void_p=4
am_cv_CC_dependencies_compiler_type=gcc3
enable_cv_epoll=no
lt_cv_apple_cc_single_mod=yes
lt_cv_deplibs_check_method=pass_all
lt_cv_file_magic_cmd='$MAGIC_CMD'
lt_cv_file_magic_test_file=
lt_cv_ld_exported_symbols_list=yes
lt_cv_ld_reload_flag=-r
lt_cv_nm_interface='BSD nm'
lt_cv_objdir=.libs
lt_cv_path_LD=/Applications/Xcode.app/Contents/Developer/Toolchains/XcodeDefault.xctoolchain/usr/bin/ld
lt_cv_path_NM=/usr/bin/nm
lt_cv_prog_compiler_c_o=yes
lt_cv_prog_compiler_pic_works=yes
lt_cv_prog_compiler_rtti_exceptions=yes
lt_cv_prog_compiler_static_works=no
lt_cv_prog_gnu_ld=no
lt_cv_sys_global_symbol_pipe='sed -n -e '\''s/^.*[	 ]\([BCDEGRST][BCDEGRST]*\)[	 ][	 ]*_\([_A-Za-z][_A-Za-z0-9]*\)$/\1 _\2 \2/p'\'''
lt_cv_sys_global_symbol_to_c_name_address='sed -n -e '\''s/^: \([^ ]*\) $/  {\"\1\", (void *) 0},/p'\'' -e '\''s/^[BCDEGRST]* \([^ ]*\) \([^ ]*\)$/  {"\2", (void *) \&\2},/p'\'''
lt_cv_sys_global_symbol_to_c_name_address_lib_prefix='sed -n -e '\''s/^: \([^ ]*\) $/  {\"\1\", (void *) 0},/p'\'' -e '\''s/^[BCDEGRST]* \([^ ]*\) \(lib[^ ]*\)$/  {"\2", (void *) \&\2},/p'\'' -e '\''s/^[BCDEGRST]* \([^ ]*\) \([^ ]*\)$/  {"lib\2", (void *) \&\2},/p'\'''
lt_cv_sys_global_symbol_to_cdecl='sed -n -e '\''s/^T .* \(.*\)$/extern int \1();/p'\'' -e '\''s/^[BCDEGRST]* .* \(.*\)$/extern char \1;/p'\'''
lt_cv_sys_max_cmd_len=196608

## ----------------- ##
## Output variables. ##
## ----------------- ##

ACLOCAL='${SHELL} /Users/vit/Projects/df-remote/nopoll/missing --run aclocal-1.11'
AMDEPBACKSLASH='\'
AMDEP_FALSE='#'
AMDEP_TRUE=''
AMTAR='${SHELL} /Users/vit/Projects/df-remote/nopoll/missing --run tar'
AR='ar'
AUTOCONF='${SHELL} /Users/vit/Projects/df-remote/nopoll/missing --run autoconf'
AUTOHEADER='${SHELL} /Users/vit/Projects/df-remote/nopoll/missing --run autoheader'
AUTOMAKE='${SHELL} /Users/vit/Projects/df-remote/nopoll/missing --run automake-1.11'
AWK='awk'
CC='gcc'
CCDEPMODE='depmode=gcc3'
CFLAGS='-Wno-error -m32'
CPP='gcc -E'
CPPFLAGS=''
CYGPATH_W='echo'
DEFAULT_EPOLL_FALSE=''
DEFAULT_EPOLL_TRUE='#'
DEFAULT_POLL_FALSE='#'
DEFAULT_POLL_TRUE=''
DEFS='-DHAVE_CONFIG_H'
DEPDIR='.deps'
DOXYGEN='no'
DSYMUTIL='dsymutil'
DUMPBIN=''
ECHO_C='\c'
ECHO_N=''
ECHO_T=''
EGREP='/usr/bin/grep -E'
ENABLE_EPOLL_SUPPORT_FALSE=''
ENABLE_EPOLL_SUPPORT_TRUE='#'
ENABLE_NOPOLL_DOC_FALSE=''
ENABLE_NOPOLL_DOC_TRUE='#'
ENABLE_NOPOLL_LOG_FALSE='#'
ENABLE_NOPOLL_LOG_TRUE=''
ENABLE_POLL_SUPPORT_FALSE='#'
ENABLE_POLL_SUPPORT_TRUE=''
EXEEXT=''
FGREP='/usr/bin/grep -F'
GREP='/usr/bin/grep'
INSTALL_DATA='${INSTALL} -m 644'
INSTALL_PROGRAM='${INSTALL}'
INSTALL_SCRIPT='${INSTALL}'
INSTALL_STRIP_PROGRAM='$(install_sh) -c -s'
LD='/Applications/Xcode.app/Contents/Developer/Toolchains/XcodeDefault.xctoolchain/usr/bin/ld'
LDFLAGS=''
LIBOBJS=''
LIBS=''
LIBTOOL='$(SHELL) $(top_builddir)/libtool'
LIPO='lipo'
LN_S='ln -s'
LTLIBOBJS=''
MAINT='#'
MAINTAINER_MODE_FALSE=''
MAINTAINER_MODE_TRUE='#'
MAKEINFO='${SHELL} /Users/vit/Projects/df-remote/nopoll/missing --run makeinfo'
MKDIR_P='./install-sh -c -d'
NM='/usr/bin/nm'
NMEDIT='nmedit'
NOPOLL_VERSION='0.2.6.b130'
OBJDUMP='false'
OBJEXT='o'
OTOOL64=':'
OTOOL='otool'
PACKAGE='nopoll'
PACKAGE_BUGREPORT=''
PACKAGE_NAME=''
PACKAGE_STRING=''
PACKAGE_TARNAME=''
PACKAGE_URL=''
PACKAGE_VERSION=''
PATH_SEPARATOR=':'
RANLIB='ranlib'
SED='/usr/bin/sed'
SET_MAKE=''
SHARED_EXTENSION='`test .$module = .yes && echo .so || echo .dylib`'
SHELL='/bin/sh'
STRIP='strip'
TLS_LIBS='-lssl -lcrypto'
VERSION='0.2.6.b130'
ac_ct_CC='gcc'
ac_ct_DUMPBIN=''
am__EXEEXT_FALSE=''
am__EXEEXT_TRUE='#'
am__fastdepCC_FALSE='#'
am__fastdepCC_TRUE=''
am__include='include'
am__isrc=''
am__leading_dot='.'
am__quote=''
am__tar='${AMTAR} chof - "$$tardir"'
am__untar='${AMTAR} xf -'
bindir='${exec_prefix}/bin'
build='x86_64-apple-darwin14.3.0'
build_alias=''
build_cpu='x86_64'
build_os='darwin14.3.0'
build_vendor='apple'
compiler_options='-Wstrict-prototypes -Wall -Werror -g -ansi -fstack-protector-all -Wstack-protector'
datadir='${datarootdir}'
datarootdir='${prefix}/share'
docdir='${datarootdir}/doc/${PACKAGE}'
dvidir='${docdir}'
exec_prefix='${prefix}'
host='x86_64-apple-darwin14.3.0'
host_alias=''
host_cpu='x86_64'
host_os='darwin14.3.0'
host_vendor='apple'
htmldir='${docdir}'
includedir='${prefix}/include'
infodir='${datarootdir}/info'
install_sh='${SHELL} /Users/vit/Projects/df-remote/nopoll/install-sh'
libdir='${exec_prefix}/lib'
libexecdir='${exec_prefix}/libexec'
localedir='${datarootdir}/locale'
localstatedir='${prefix}/var'
lt_ECHO='/bin/echo'
mandir='${datarootdir}/man'
mkdir_p='$(top_builddir)/./install-sh -c -d'
oldincludedir='/usr/include'
pdfdir='${docdir}'
prefix='/usr/local'
program_transform_name='s,x,x,'
psdir='${docdir}'
sbindir='${exec_prefix}/sbin'
sharedstatedir='${prefix}/com'
sysconfdir='${prefix}/etc'
target_alias=''

## ----------- ##
## confdefs.h. ##
## ----------- ##

/* confdefs.h */
#define PACKAGE_NAME ""
#define PACKAGE_TARNAME ""
#define PACKAGE_VERSION ""
#define PACKAGE_STRING ""
#define PACKAGE_BUGREPORT ""
#define PACKAGE_URL ""
#define PACKAGE "nopoll"
#define VERSION "0.2.6.b130"
#define STDC_HEADERS 1
#define HAVE_SYS_TYPES_H 1
#define HAVE_SYS_STAT_H 1
#define HAVE_STDLIB_H 1
#define HAVE_STRING_H 1
#define HAVE_MEMORY_H 1
#define HAVE_STRINGS_H 1
#define HAVE_INTTYPES_H 1
#define HAVE_STDINT_H 1
#define HAVE_UNISTD_H 1
#define HAVE_DLFCN_H 1
#define LT_OBJDIR ".libs/"
#define SIZEOF_LONG 4
#define SIZEOF_INT 4
#define SIZEOF_VOID_P 4

configure: exit 0
